c:\users\xsq4525\documents\opencvaruco\opencvaruco\release\opencvaruco.pch
c:\users\xsq4525\documents\opencvaruco\opencvaruco\release\vc141.pdb
c:\users\xsq4525\documents\opencvaruco\opencvaruco\release\pch.obj
c:\users\xsq4525\documents\opencvaruco\opencvaruco\release\locatablecameraframe.obj
c:\users\xsq4525\documents\opencvaruco\opencvaruco\release\helper.obj
c:\users\xsq4525\documents\opencvaruco\opencvaruco\release\dllmain.obj
c:\users\xsq4525\documents\opencvaruco\opencvaruco\release\locatablecameramodule.obj
c:\users\xsq4525\documents\opencvaruco\opencvaruco\release\opencvaruco.obj
c:\users\xsq4525\documents\opencvaruco\release\opencvaruco\opencvaruco.dll
c:\users\xsq4525\documents\opencvaruco\release\opencvaruco\opencvaruco.pdb
c:\users\xsq4525\documents\opencvaruco\release\opencvaruco\opencvaruco.lib
c:\users\xsq4525\documents\opencvaruco\release\opencvaruco\opencvaruco.exp
c:\users\xsq4525\documents\opencvaruco\release\opencvaruco\opencvaruco.ipdb
c:\users\xsq4525\documents\opencvaruco\release\opencvaruco\opencvaruco.iobj
c:\users\xsq4525\documents\opencvaruco\opencvaruco\release\opencvaruco.vcxprojassemblyreference.cache
c:\users\xsq4525\documents\opencvaruco\opencvaruco\release\priconfig.xml
c:\users\xsq4525\documents\opencvaruco\opencvaruco\release\priconfig.xml.intermediate
c:\users\xsq4525\documents\opencvaruco\opencvaruco\release\layout.resfiles
c:\users\xsq4525\documents\opencvaruco\opencvaruco\release\layout.resfiles.intermediate
c:\users\xsq4525\documents\opencvaruco\opencvaruco\release\resources.resfiles
c:\users\xsq4525\documents\opencvaruco\opencvaruco\release\resources.resfiles.intermediate
c:\users\xsq4525\documents\opencvaruco\opencvaruco\release\pri.resfiles
c:\users\xsq4525\documents\opencvaruco\opencvaruco\release\pri.resfiles.intermediate
c:\users\xsq4525\documents\opencvaruco\release\opencvaruco\opencvaruco.pri
c:\users\xsq4525\documents\opencvaruco\opencvaruco\release\qualifiers.txt
c:\users\xsq4525\documents\opencvaruco\opencvaruco\release\qualifiers.txt.intermediate
c:\users\xsq4525\documents\opencvaruco\opencvaruco\release\multiplequalifiersperdimensionfound.txt
c:\users\xsq4525\documents\opencvaruco\opencvaruco\release\embed.resfiles
c:\users\xsq4525\documents\opencvaruco\opencvaruco\release\opencvaruco.tlog\cl.command.1.tlog
c:\users\xsq4525\documents\opencvaruco\opencvaruco\release\opencvaruco.tlog\cl.read.1.tlog
c:\users\xsq4525\documents\opencvaruco\opencvaruco\release\opencvaruco.tlog\cl.write.1.tlog
c:\users\xsq4525\documents\opencvaruco\opencvaruco\release\opencvaruco.tlog\link.command.1.tlog
c:\users\xsq4525\documents\opencvaruco\opencvaruco\release\opencvaruco.tlog\link.read.1.tlog
c:\users\xsq4525\documents\opencvaruco\opencvaruco\release\opencvaruco.tlog\link.write.1.tlog
c:\users\xsq4525\documents\opencvaruco\opencvaruco\release\opencvaruco.tlog\opencvaruco.read.1u.tlog
c:\users\xsq4525\documents\opencvaruco\opencvaruco\release\opencvaruco.tlog\opencvaruco.write.1u.tlog
